*** Starting uWSGI 2.0.18 (64bit) on [Thu Aug 22 00:01:33 2019] ***
compiled with version: 5.4.0 20160609 on 21 August 2019 01:09:53
os: Linux-4.15.0-1040-gcp #42~16.04.1-Ubuntu SMP Wed Aug 7 16:42:41 UTC 2019
nodename: instance-3
machine: x86_64
clock source: unix
detected number of CPU cores: 1
current working directory: /home/jialiang19991022/website/information_collection
detected binary path: /home/jialiang19991022/website/env/bin/uwsgi
!!! no internal routing support, rebuild with pcre support !!!
chdir() to /home/jialiang19991022/website/information_collection/
your processes number limit is 6671
your memory page size is 4096 bytes
detected max file descriptor number: 1024
lock engine: pthread robust mutexes
thunder lock: disabled (you can enable it with --thunder-lock)
uwsgi socket 0 bound to TCP address 127.0.0.1:9090 fd 3
Python version: 3.5.2 (default, Nov 12 2018, 13:43:14)  [GCC 5.4.0 20160609]
Set PythonHome to /home/jialiang19991022/website/env
*** Python threads support is disabled. You can enable it with --enable-threads ***
Python main interpreter initialized at 0x14124b0
your server socket listen backlog is limited to 100 connections
your mercy for graceful operations on workers is 60 seconds
mapped 218712 bytes (213 KB) for 2 cores
*** Operational MODE: preforking ***
WSGI app 0 (mountpoint='') ready in 0 seconds on interpreter 0x14124b0 pid: 2070 (default app)
*** uWSGI is running in multiple interpreter mode ***
spawned uWSGI master process (pid: 2070)
spawned uWSGI worker 1 (pid: 2072, cores: 1)
spawned uWSGI worker 2 (pid: 2073, cores: 1)
...brutally killing workers...
worker 1 buried after 1 seconds
worker 2 buried after 1 seconds
binary reloading uWSGI...
chdir() to /home/jialiang19991022/website/information_collection
closing all non-uwsgi socket fds > 2 (max_fd = 1024)...
found fd 3 mapped to socket 0 (127.0.0.1:9090)
running /home/jialiang19991022/website/env/bin/uwsgi
[uWSGI] getting INI configuration from mysite_uwsgi.ini
*** Starting uWSGI 2.0.18 (64bit) on [Thu Aug 22 08:13:15 2019] ***
compiled with version: 5.4.0 20160609 on 21 August 2019 01:09:53
os: Linux-4.15.0-1040-gcp #42~16.04.1-Ubuntu SMP Wed Aug 7 16:42:41 UTC 2019
nodename: instance-3
machine: x86_64
clock source: unix
detected number of CPU cores: 1
current working directory: /home/jialiang19991022/website/information_collection
detected binary path: /home/jialiang19991022/website/env/bin/uwsgi
!!! no internal routing support, rebuild with pcre support !!!
chdir() to /home/jialiang19991022/website/information_collection/
your processes number limit is 6671
your memory page size is 4096 bytes
detected max file descriptor number: 1024
lock engine: pthread robust mutexes
thunder lock: disabled (you can enable it with --thunder-lock)
uwsgi socket 0 inherited INET address 127.0.0.1:9090 fd 3
Python version: 3.5.2 (default, Nov 12 2018, 13:43:14)  [GCC 5.4.0 20160609]
Set PythonHome to /home/jialiang19991022/website/env
*** Python threads support is disabled. You can enable it with --enable-threads ***
Python main interpreter initialized at 0x8051a0
your server socket listen backlog is limited to 100 connections
your mercy for graceful operations on workers is 60 seconds
mapped 218712 bytes (213 KB) for 2 cores
*** Operational MODE: preforking ***
WSGI app 0 (mountpoint='') ready in 0 seconds on interpreter 0x8051a0 pid: 2070 (default app)
*** uWSGI is running in multiple interpreter mode ***
gracefully (RE)spawned uWSGI master process (pid: 2070)
spawned uWSGI worker 1 (pid: 2380, cores: 1)
spawned uWSGI worker 2 (pid: 2381, cores: 1)
*** Starting uWSGI 2.0.18 (64bit) on [Thu Aug 22 00:58:58 2019] ***
compiled with version: 5.4.0 20160609 on 21 August 2019 01:09:53
os: Linux-4.15.0-1040-gcp #42~16.04.1-Ubuntu SMP Wed Aug 7 16:42:41 UTC 2019
nodename: instance-3
machine: x86_64
clock source: unix
detected number of CPU cores: 1
current working directory: /home/jialiang19991022/website/information_collection
detected binary path: /home/jialiang19991022/website/env/bin/uwsgi
!!! no internal routing support, rebuild with pcre support !!!
chdir() to /home/jialiang19991022/website/information_collection/
your processes number limit is 6671
your memory page size is 4096 bytes
detected max file descriptor number: 1024
lock engine: pthread robust mutexes
thunder lock: disabled (you can enable it with --thunder-lock)
uwsgi socket 0 bound to TCP address 127.0.0.1:9090 fd 3
Python version: 3.5.2 (default, Nov 12 2018, 13:43:14)  [GCC 5.4.0 20160609]
Set PythonHome to /home/jialiang19991022/website/env
*** Python threads support is disabled. You can enable it with --enable-threads ***
Python main interpreter initialized at 0x945480
your server socket listen backlog is limited to 100 connections
your mercy for graceful operations on workers is 60 seconds
mapped 218712 bytes (213 KB) for 2 cores
*** Operational MODE: preforking ***
ImportError: No module named '/information_collection/wsgi'
unable to load app 0 (mountpoint='') (callable not found or import error)
*** no app loaded. going in full dynamic mode ***
*** uWSGI is running in multiple interpreter mode ***
spawned uWSGI master process (pid: 3035)
spawned uWSGI worker 1 (pid: 3036, cores: 1)
spawned uWSGI worker 2 (pid: 3037, cores: 1)
...brutally killing workers...
worker 1 buried after 1 seconds
worker 2 buried after 1 seconds
binary reloading uWSGI...
chdir() to /home/jialiang19991022/website/information_collection
closing all non-uwsgi socket fds > 2 (max_fd = 1024)...
found fd 3 mapped to socket 0 (127.0.0.1:9090)
running /home/jialiang19991022/website/env/bin/uwsgi
[uWSGI] getting INI configuration from mysite_uwsgi.ini
*** Starting uWSGI 2.0.18 (64bit) on [Thu Aug 22 01:44:17 2019] ***
compiled with version: 5.4.0 20160609 on 21 August 2019 01:09:53
os: Linux-4.15.0-1040-gcp #42~16.04.1-Ubuntu SMP Wed Aug 7 16:42:41 UTC 2019
nodename: instance-3
machine: x86_64
clock source: unix
detected number of CPU cores: 1
current working directory: /home/jialiang19991022/website/information_collection
detected binary path: /home/jialiang19991022/website/env/bin/uwsgi
!!! no internal routing support, rebuild with pcre support !!!
chdir() to /home/jialiang19991022/website/information_collection/
your processes number limit is 6671
your memory page size is 4096 bytes
detected max file descriptor number: 1024
lock engine: pthread robust mutexes
thunder lock: disabled (you can enable it with --thunder-lock)
uwsgi socket 0 inherited INET address 127.0.0.1:9090 fd 3
Python version: 3.5.2 (default, Nov 12 2018, 13:43:14)  [GCC 5.4.0 20160609]
Set PythonHome to /home/jialiang19991022/website/env
*** Python threads support is disabled. You can enable it with --enable-threads ***
Python main interpreter initialized at 0x1af1f90
your server socket listen backlog is limited to 100 connections
your mercy for graceful operations on workers is 60 seconds
mapped 218712 bytes (213 KB) for 2 cores
*** Operational MODE: preforking ***
ImportError: No module named '/information_collection/wsgi'
unable to load app 0 (mountpoint='') (callable not found or import error)
*** no app loaded. going in full dynamic mode ***
*** uWSGI is running in multiple interpreter mode ***
gracefully (RE)spawned uWSGI master process (pid: 3035)
spawned uWSGI worker 1 (pid: 3898, cores: 1)
spawned uWSGI worker 2 (pid: 3899, cores: 1)
*** Starting uWSGI 2.0.18 (64bit) on [Thu Aug 22 02:02:59 2019] ***
compiled with version: 5.4.0 20160609 on 21 August 2019 01:09:53
os: Linux-4.15.0-1040-gcp #42~16.04.1-Ubuntu SMP Wed Aug 7 16:42:41 UTC 2019
nodename: instance-3
machine: x86_64
clock source: unix
detected number of CPU cores: 1
current working directory: /home/jialiang19991022/website
detected binary path: /home/jialiang19991022/website/env/bin/uwsgi
!!! no internal routing support, rebuild with pcre support !!!
chdir() to /home/jialiang19991022/website/information_collection/
your processes number limit is 6671
your memory page size is 4096 bytes
detected max file descriptor number: 1024
lock engine: pthread robust mutexes
thunder lock: disabled (you can enable it with --thunder-lock)
uwsgi socket 0 bound to TCP address 127.0.0.1:9090 fd 3
Python version: 3.5.2 (default, Nov 12 2018, 13:43:14)  [GCC 5.4.0 20160609]
Set PythonHome to /home/jialiang19991022/website/env
*** Python threads support is disabled. You can enable it with --enable-threads ***
Python main interpreter initialized at 0xacb4b0
your server socket listen backlog is limited to 100 connections
your mercy for graceful operations on workers is 60 seconds
mapped 218712 bytes (213 KB) for 2 cores
*** Operational MODE: preforking ***
ImportError: No module named '/information_collection/wsgi'
unable to load app 0 (mountpoint='') (callable not found or import error)
*** no app loaded. going in full dynamic mode ***
*** uWSGI is running in multiple interpreter mode ***
spawned uWSGI master process (pid: 2320)
spawned uWSGI worker 1 (pid: 2321, cores: 1)
spawned uWSGI worker 2 (pid: 2322, cores: 1)
*** Starting uWSGI 2.0.18 (64bit) on [Thu Aug 22 02:13:38 2019] ***
compiled with version: 5.4.0 20160609 on 21 August 2019 01:09:53
os: Linux-4.15.0-1040-gcp #42~16.04.1-Ubuntu SMP Wed Aug 7 16:42:41 UTC 2019
nodename: instance-3
machine: x86_64
clock source: unix
detected number of CPU cores: 1
current working directory: /home/jialiang19991022/website/information_collection
detected binary path: /home/jialiang19991022/website/env/bin/uwsgi
!!! no internal routing support, rebuild with pcre support !!!
chdir() to /home/jialiang19991022/website/information_collection/
your processes number limit is 6671
your memory page size is 4096 bytes
detected max file descriptor number: 1024
lock engine: pthread robust mutexes
thunder lock: disabled (you can enable it with --thunder-lock)
uwsgi socket 0 bound to UNIX address /tmp/djangosocket/information_collection.sock fd 3
Python version: 3.5.2 (default, Nov 12 2018, 13:43:14)  [GCC 5.4.0 20160609]
Set PythonHome to /home/jialiang19991022/website/env
*** Python threads support is disabled. You can enable it with --enable-threads ***
Python main interpreter initialized at 0xdf0060
your server socket listen backlog is limited to 100 connections
your mercy for graceful operations on workers is 60 seconds
mapped 218712 bytes (213 KB) for 2 cores
*** Operational MODE: preforking ***
ImportError: No module named '/information_collection/wsgi'
unable to load app 0 (mountpoint='') (callable not found or import error)
*** no app loaded. going in full dynamic mode ***
*** uWSGI is running in multiple interpreter mode ***
spawned uWSGI master process (pid: 2511)
spawned uWSGI worker 1 (pid: 2512, cores: 1)
spawned uWSGI worker 2 (pid: 2513, cores: 1)
*** Starting uWSGI 2.0.18 (64bit) on [Thu Aug 22 02:27:20 2019] ***
compiled with version: 5.4.0 20160609 on 21 August 2019 01:09:53
os: Linux-4.15.0-1040-gcp #42~16.04.1-Ubuntu SMP Wed Aug 7 16:42:41 UTC 2019
nodename: instance-3
machine: x86_64
clock source: unix
detected number of CPU cores: 1
current working directory: /home/jialiang19991022/website/information_collection
detected binary path: /home/jialiang19991022/website/env/bin/uwsgi
!!! no internal routing support, rebuild with pcre support !!!
chdir() to /home/jialiang19991022/website/information_collection/
your processes number limit is 6671
your memory page size is 4096 bytes
detected max file descriptor number: 1024
lock engine: pthread robust mutexes
thunder lock: disabled (you can enable it with --thunder-lock)
uwsgi socket 0 bound to TCP address 127.0.0.1:8000 fd 3
Python version: 3.5.2 (default, Nov 12 2018, 13:43:14)  [GCC 5.4.0 20160609]
Set PythonHome to /home/jialiang19991022/website/env
*** Python threads support is disabled. You can enable it with --enable-threads ***
Python main interpreter initialized at 0xe56460
your server socket listen backlog is limited to 100 connections
your mercy for graceful operations on workers is 60 seconds
mapped 218712 bytes (213 KB) for 2 cores
*** Operational MODE: preforking ***
ImportError: No module named '/information_collection/wsgi'
unable to load app 0 (mountpoint='') (callable not found or import error)
*** no app loaded. going in full dynamic mode ***
*** uWSGI is running in multiple interpreter mode ***
spawned uWSGI master process (pid: 2781)
spawned uWSGI worker 1 (pid: 2782, cores: 1)
spawned uWSGI worker 2 (pid: 2783, cores: 1)
*** Starting uWSGI 2.0.18 (64bit) on [Thu Aug 22 02:36:37 2019] ***
compiled with version: 5.4.0 20160609 on 21 August 2019 01:09:53
os: Linux-4.15.0-1040-gcp #42~16.04.1-Ubuntu SMP Wed Aug 7 16:42:41 UTC 2019
nodename: instance-3
machine: x86_64
clock source: unix
detected number of CPU cores: 1
current working directory: /home/jialiang19991022/website/information_collection
detected binary path: /home/jialiang19991022/website/env/bin/uwsgi
!!! no internal routing support, rebuild with pcre support !!!
chdir() to /home/jialiang19991022/website/information_collection/
your processes number limit is 6671
your memory page size is 4096 bytes
detected max file descriptor number: 1024
lock engine: pthread robust mutexes
thunder lock: disabled (you can enable it with --thunder-lock)
uwsgi socket 0 bound to UNIX address /tmp/djangosocket/information_collection.sock fd 3
Python version: 3.5.2 (default, Nov 12 2018, 13:43:14)  [GCC 5.4.0 20160609]
Set PythonHome to /home/jialiang19991022/website/env
*** Python threads support is disabled. You can enable it with --enable-threads ***
Python main interpreter initialized at 0x1cab060
your server socket listen backlog is limited to 100 connections
your mercy for graceful operations on workers is 60 seconds
mapped 801944 bytes (783 KB) for 10 cores
*** Operational MODE: preforking ***
ImportError: No module named 'information_collection/wsgi'
unable to load app 0 (mountpoint='') (callable not found or import error)
*** no app loaded. going in full dynamic mode ***
*** uWSGI is running in multiple interpreter mode ***
spawned uWSGI master process (pid: 2881)
spawned uWSGI worker 1 (pid: 2882, cores: 1)
spawned uWSGI worker 2 (pid: 2883, cores: 1)
spawned uWSGI worker 3 (pid: 2884, cores: 1)
spawned uWSGI worker 4 (pid: 2885, cores: 1)
spawned uWSGI worker 5 (pid: 2886, cores: 1)
spawned uWSGI worker 6 (pid: 2887, cores: 1)
spawned uWSGI worker 7 (pid: 2888, cores: 1)
spawned uWSGI worker 8 (pid: 2889, cores: 1)
spawned uWSGI worker 9 (pid: 2890, cores: 1)
spawned uWSGI worker 10 (pid: 2891, cores: 1)
Thu Aug 22 02:44:02 2019 - uWSGI worker 9 screams: UAAAAAAH my master disconnected: i will kill myself !!!
Thu Aug 22 02:44:02 2019 - uWSGI worker 7 screams: UAAAAAAH my master disconnected: i will kill myself !!!
Thu Aug 22 02:44:02 2019 - uWSGI worker 6 screams: UAAAAAAH my master disconnected: i will kill myself !!!
Thu Aug 22 02:44:02 2019 - uWSGI worker 5 screams: UAAAAAAH my master disconnected: i will kill myself !!!
Thu Aug 22 02:44:02 2019 - uWSGI worker 8 screams: UAAAAAAH my master disconnected: i will kill myself !!!
Thu Aug 22 02:44:02 2019 - uWSGI worker 1 screams: UAAAAAAH my master disconnected: i will kill myself !!!
Thu Aug 22 02:44:02 2019 - uWSGI worker 3 screams: UAAAAAAH my master disconnected: i will kill myself !!!
Thu Aug 22 02:44:02 2019 - uWSGI worker 10 screams: UAAAAAAH my master disconnected: i will kill myself !!!
Thu Aug 22 02:44:02 2019 - uWSGI worker 4 screams: UAAAAAAH my master disconnected: i will kill myself !!!
Thu Aug 22 02:44:02 2019 - uWSGI worker 2 screams: UAAAAAAH my master disconnected: i will kill myself !!!
Thu Aug 22 02:44:22 2019 - uWSGI worker 1 screams: UAAAAAAH my master disconnected: i will kill myself !!!
Thu Aug 22 02:44:22 2019 - uWSGI worker 2 screams: UAAAAAAH my master disconnected: i will kill myself !!!
Thu Aug 22 02:44:33 2019 - uWSGI worker 1 screams: UAAAAAAH my master disconnected: i will kill myself !!!
Thu Aug 22 02:44:33 2019 - uWSGI worker 2 screams: UAAAAAAH my master disconnected: i will kill myself !!!
Thu Aug 22 02:45:01 2019 - uWSGI worker 2 screams: UAAAAAAH my master disconnected: i will kill myself !!!
Thu Aug 22 02:45:01 2019 - uWSGI worker 1 screams: UAAAAAAH my master disconnected: i will kill myself !!!
*** Starting uWSGI 2.0.18 (64bit) on [Thu Aug 22 02:46:00 2019] ***
compiled with version: 5.4.0 20160609 on 21 August 2019 01:09:53
os: Linux-4.15.0-1040-gcp #42~16.04.1-Ubuntu SMP Wed Aug 7 16:42:41 UTC 2019
nodename: instance-3
machine: x86_64
clock source: unix
detected number of CPU cores: 1
current working directory: /home/jialiang19991022/website/information_collection
detected binary path: /home/jialiang19991022/website/env/bin/uwsgi
!!! no internal routing support, rebuild with pcre support !!!
chdir() to /home/jialiang19991022/website/information_collection/
your processes number limit is 6671
your memory page size is 4096 bytes
detected max file descriptor number: 1024
lock engine: pthread robust mutexes
thunder lock: disabled (you can enable it with --thunder-lock)
uwsgi socket 0 bound to UNIX address /tmp/djangosocket/information_collection.sock fd 3
Python version: 3.5.2 (default, Nov 12 2018, 13:43:14)  [GCC 5.4.0 20160609]
Set PythonHome to /home/jialiang19991022/website/env
*** Python threads support is disabled. You can enable it with --enable-threads ***
Python main interpreter initialized at 0x1063060
your server socket listen backlog is limited to 100 connections
your mercy for graceful operations on workers is 60 seconds
mapped 801944 bytes (783 KB) for 10 cores
*** Operational MODE: preforking ***
ImportError: No module named 'information_collection/wsgi'
unable to load app 0 (mountpoint='') (callable not found or import error)
*** no app loaded. going in full dynamic mode ***
*** uWSGI is running in multiple interpreter mode ***
spawned uWSGI master process (pid: 3047)
spawned uWSGI worker 1 (pid: 3048, cores: 1)
spawned uWSGI worker 2 (pid: 3049, cores: 1)
spawned uWSGI worker 3 (pid: 3050, cores: 1)
spawned uWSGI worker 4 (pid: 3051, cores: 1)
spawned uWSGI worker 5 (pid: 3052, cores: 1)
spawned uWSGI worker 6 (pid: 3053, cores: 1)
spawned uWSGI worker 7 (pid: 3054, cores: 1)
spawned uWSGI worker 8 (pid: 3055, cores: 1)
spawned uWSGI worker 9 (pid: 3056, cores: 1)
spawned uWSGI worker 10 (pid: 3057, cores: 1)
Thu Aug 22 02:51:09 2019 - uWSGI worker 9 screams: UAAAAAAH my master disconnected: i will kill myself !!!
Thu Aug 22 02:51:09 2019 - uWSGI worker 8 screams: UAAAAAAH my master disconnected: i will kill myself !!!
Thu Aug 22 02:51:09 2019 - uWSGI worker 5 screams: UAAAAAAH my master disconnected: i will kill myself !!!
Thu Aug 22 02:51:09 2019 - uWSGI worker 3 screams: UAAAAAAH my master disconnected: i will kill myself !!!
Thu Aug 22 02:51:09 2019 - uWSGI worker 10 screams: UAAAAAAH my master disconnected: i will kill myself !!!
Thu Aug 22 02:51:09 2019 - uWSGI worker 1 screams: UAAAAAAH my master disconnected: i will kill myself !!!
Thu Aug 22 02:51:09 2019 - uWSGI worker 2 screams: UAAAAAAH my master disconnected: i will kill myself !!!
Thu Aug 22 02:51:09 2019 - uWSGI worker 7 screams: UAAAAAAH my master disconnected: i will kill myself !!!
Thu Aug 22 02:51:09 2019 - uWSGI worker 6 screams: UAAAAAAH my master disconnected: i will kill myself !!!
Thu Aug 22 02:51:09 2019 - uWSGI worker 4 screams: UAAAAAAH my master disconnected: i will kill myself !!!
